INFO [2026-04-06 16:08:11] $x
INFO [2026-04-06 16:08:11] list(`FUS-regulated\n(GSE310475)` = genes_gse, `IPF Disease\n(GSE99621)` = genes_99)
INFO [2026-04-06 16:08:11] 
INFO [2026-04-06 16:08:11] $filename
INFO [2026-04-06 16:08:11] [1] "/Users/sowmi/Desktop/IPF_Research/venn_diagram.png"
INFO [2026-04-06 16:08:11] 
INFO [2026-04-06 16:08:11] $output
INFO [2026-04-06 16:08:11] [1] TRUE
INFO [2026-04-06 16:08:11] 
INFO [2026-04-06 16:08:11] $imagetype
INFO [2026-04-06 16:08:11] [1] "png"
INFO [2026-04-06 16:08:11] 
INFO [2026-04-06 16:08:11] $height
INFO [2026-04-06 16:08:11] [1] 2000
INFO [2026-04-06 16:08:11] 
INFO [2026-04-06 16:08:11] $width
INFO [2026-04-06 16:08:11] [1] 2500
INFO [2026-04-06 16:08:11] 
INFO [2026-04-06 16:08:11] $resolution
INFO [2026-04-06 16:08:11] [1] 300
INFO [2026-04-06 16:08:11] 
INFO [2026-04-06 16:08:11] $col
INFO [2026-04-06 16:08:11] c("firebrick", "steelblue")
INFO [2026-04-06 16:08:11] 
INFO [2026-04-06 16:08:11] $fill
INFO [2026-04-06 16:08:11] c(alpha("firebrick", 0.3), alpha("steelblue", 0.3))
INFO [2026-04-06 16:08:11] 
INFO [2026-04-06 16:08:11] $cex
INFO [2026-04-06 16:08:11] [1] 1.5
INFO [2026-04-06 16:08:11] 
INFO [2026-04-06 16:08:11] $fontface
INFO [2026-04-06 16:08:11] [1] "bold"
INFO [2026-04-06 16:08:11] 
INFO [2026-04-06 16:08:11] $cat.cex
INFO [2026-04-06 16:08:11] [1] 1.2
INFO [2026-04-06 16:08:11] 
INFO [2026-04-06 16:08:11] $cat.fontface
INFO [2026-04-06 16:08:11] [1] "bold"
INFO [2026-04-06 16:08:11] 
INFO [2026-04-06 16:08:11] $cat.col
INFO [2026-04-06 16:08:11] c("firebrick", "steelblue")
INFO [2026-04-06 16:08:11] 
INFO [2026-04-06 16:08:11] $main
INFO [2026-04-06 16:08:11] [1] "FUS-regulated vs IPF Disease Genes"
INFO [2026-04-06 16:08:11] 
INFO [2026-04-06 16:08:11] $main.cex
INFO [2026-04-06 16:08:11] [1] 1.5
INFO [2026-04-06 16:08:11] 
INFO [2026-04-06 16:08:11] $main.fontface
INFO [2026-04-06 16:08:11] [1] "bold"
INFO [2026-04-06 16:08:11] 
