INFO [2026-04-06 16:09:51] $x
INFO [2026-04-06 16:09:51] list(`IPF Disease\n(GSE99621)` = genes_99, `FUS-regulated\n(GSE310475)` = genes_gse)
INFO [2026-04-06 16:09:51] 
INFO [2026-04-06 16:09:51] $filename
INFO [2026-04-06 16:09:51] [1] "/Users/sowmi/Desktop/IPF_Research/venn_diagram_final.png"
INFO [2026-04-06 16:09:51] 
INFO [2026-04-06 16:09:51] $output
INFO [2026-04-06 16:09:51] [1] TRUE
INFO [2026-04-06 16:09:51] 
INFO [2026-04-06 16:09:51] $imagetype
INFO [2026-04-06 16:09:51] [1] "png"
INFO [2026-04-06 16:09:51] 
INFO [2026-04-06 16:09:51] $height
INFO [2026-04-06 16:09:51] [1] 2000
INFO [2026-04-06 16:09:51] 
INFO [2026-04-06 16:09:51] $width
INFO [2026-04-06 16:09:51] [1] 3000
INFO [2026-04-06 16:09:51] 
INFO [2026-04-06 16:09:51] $resolution
INFO [2026-04-06 16:09:51] [1] 300
INFO [2026-04-06 16:09:51] 
INFO [2026-04-06 16:09:51] $margin
INFO [2026-04-06 16:09:51] [1] 0.15
INFO [2026-04-06 16:09:51] 
INFO [2026-04-06 16:09:51] $col
INFO [2026-04-06 16:09:51] c("steelblue", "firebrick")
INFO [2026-04-06 16:09:51] 
INFO [2026-04-06 16:09:51] $fill
INFO [2026-04-06 16:09:51] c(alpha("steelblue", 0.3), alpha("firebrick", 0.3))
INFO [2026-04-06 16:09:51] 
INFO [2026-04-06 16:09:51] $cex
INFO [2026-04-06 16:09:51] [1] 1.8
INFO [2026-04-06 16:09:51] 
INFO [2026-04-06 16:09:51] $fontface
INFO [2026-04-06 16:09:51] [1] "bold"
INFO [2026-04-06 16:09:51] 
INFO [2026-04-06 16:09:51] $cat.cex
INFO [2026-04-06 16:09:51] [1] 1.1
INFO [2026-04-06 16:09:51] 
INFO [2026-04-06 16:09:51] $cat.fontface
INFO [2026-04-06 16:09:51] [1] "bold"
INFO [2026-04-06 16:09:51] 
INFO [2026-04-06 16:09:51] $cat.col
INFO [2026-04-06 16:09:51] c("steelblue", "firebrick")
INFO [2026-04-06 16:09:51] 
INFO [2026-04-06 16:09:51] $cat.pos
INFO [2026-04-06 16:09:51] c(-20, 20)
INFO [2026-04-06 16:09:51] 
INFO [2026-04-06 16:09:51] $cat.dist
INFO [2026-04-06 16:09:51] c(0.05, 0.05)
INFO [2026-04-06 16:09:51] 
INFO [2026-04-06 16:09:51] $main
INFO [2026-04-06 16:09:51] [1] "FUS-regulated vs IPF Disease Genes"
INFO [2026-04-06 16:09:51] 
INFO [2026-04-06 16:09:51] $main.cex
INFO [2026-04-06 16:09:51] [1] 1.5
INFO [2026-04-06 16:09:51] 
INFO [2026-04-06 16:09:51] $main.fontface
INFO [2026-04-06 16:09:51] [1] "bold"
INFO [2026-04-06 16:09:51] 
